2026-01-05 16:10:09,200 - __main__ - INFO - 
============================================================
2026-01-05 16:15:10,197 - __main__ - INFO - 
============================================================
2026-01-05 16:20:11,547 - __main__ - INFO - 
============================================================
2026-01-05 16:21:16,510 - __main__ - INFO - 
============================================================
2026-01-05 16:21:16,511 - __main__ - INFO - ============================================================
2026-01-05 16:21:25,678 - __main__ - INFO - 
============================================================
2026-01-05 16:22:19,262 - __main__ - INFO - 
============================================================
2026-01-05 16:22:19,263 - __main__ - INFO - ============================================================
2026-01-05 16:22:29,521 - __main__ - INFO - 
============================================================
2026-01-05 16:27:30,221 - __main__ - INFO - 
============================================================
2026-01-05 16:32:31,588 - __main__ - INFO - 
============================================================
2026-01-05 16:37:32,963 - __main__ - INFO - 
============================================================
2026-01-05 16:42:34,313 - __main__ - INFO - 
============================================================
2026-01-05 16:47:35,691 - __main__ - INFO - 
============================================================
2026-01-06 08:26:26,311 - __main__ - INFO - 
============================================================
2026-01-06 08:31:27,303 - __main__ - INFO - 
============================================================
2026-01-06 08:36:28,387 - __main__ - INFO - 
============================================================
2026-01-06 08:41:29,694 - __main__ - INFO - 
============================================================
2026-01-06 08:46:31,068 - __main__ - INFO - 
============================================================
2026-01-06 08:51:32,477 - __main__ - INFO - 
============================================================
2026-01-06 08:56:33,574 - __main__ - INFO - 
============================================================
2026-01-06 09:01:34,629 - __main__ - INFO - 
============================================================
2026-01-06 09:06:36,031 - __main__ - INFO - 
============================================================
2026-01-06 09:11:37,406 - __main__ - INFO - 
============================================================
2026-01-06 09:16:38,873 - __main__ - INFO - 
============================================================
2026-01-06 09:21:40,265 - __main__ - INFO - 
============================================================
2026-01-06 09:26:41,641 - __main__ - INFO - 
============================================================
2026-01-06 09:31:42,993 - __main__ - INFO - 
============================================================
2026-01-06 09:36:44,394 - __main__ - INFO - 
============================================================
2026-01-06 09:41:45,462 - __main__ - INFO - 
============================================================
2026-01-06 09:46:46,552 - __main__ - INFO - 
============================================================
2026-01-06 09:51:47,631 - __main__ - INFO - 
============================================================
2026-01-06 09:56:48,659 - __main__ - INFO - 
============================================================
2026-01-06 10:01:49,996 - __main__ - INFO - 
============================================================
2026-01-06 10:06:51,367 - __main__ - INFO - 
============================================================
2026-01-06 10:11:52,462 - __main__ - INFO - 
============================================================
2026-01-06 10:16:53,520 - __main__ - INFO - 
============================================================
2026-01-06 10:24:20,575 - __main__ - INFO - 
============================================================
2026-01-06 10:29:21,689 - __main__ - INFO - 
============================================================
2026-01-06 10:34:22,770 - __main__ - INFO - 
============================================================
2026-01-06 10:38:28,306 - __main__ - INFO - 
============================================================
2026-01-06 10:38:28,307 - __main__ - INFO - ============================================================
2026-01-06 10:46:57,276 - ProfessionalBot - INFO - --- Ciclo 10:46:57 ---
2026-01-06 10:48:09,249 - ProfessionalBot - INFO - --- Ciclo 10:48:09 ---
2026-01-06 10:53:13,239 - ProfessionalBot - INFO - --- Ciclo 10:53:13 ---
2026-01-06 10:55:59,196 - ProfessionalBot - INFO - --- Ciclo 10:55:59 ---
2026-01-06 10:57:47,326 - ProfessionalBot - INFO - --- Ejecutando Ciclo 10:57:47 ---
2026-01-06 10:57:50,680 - ProfessionalBot - INFO - Precio: 91589.48 | RSI: 22.65
2026-01-06 11:02:51,155 - ProfessionalBot - INFO - --- Ejecutando Ciclo 11:02:51 ---
2026-01-06 11:02:52,042 - ProfessionalBot - INFO - Precio: 91577.97 | RSI: 22.52
2026-01-06 11:07:52,249 - ProfessionalBot - INFO - --- Ejecutando Ciclo 11:07:52 ---
2026-01-06 11:07:53,118 - ProfessionalBot - INFO - Precio: 91800.09 | RSI: 30.26
2026-01-06 11:12:53,313 - ProfessionalBot - INFO - --- Ejecutando Ciclo 11:12:53 ---
2026-01-06 11:12:54,158 - ProfessionalBot - INFO - Precio: 91943.72 | RSI: 34.85
2026-01-06 11:17:54,355 - ProfessionalBot - INFO - --- Ejecutando Ciclo 11:17:54 ---
2026-01-06 11:17:55,238 - ProfessionalBot - INFO - Precio: 91928.53 | RSI: 35.74
2026-01-06 11:22:55,238 - ProfessionalBot - INFO - --- Ejecutando Ciclo 11:22:55 ---
2026-01-06 11:22:56,122 - ProfessionalBot - INFO - Precio: 91914.07 | RSI: 35.60
2026-01-06 11:27:56,122 - ProfessionalBot - INFO - --- Ejecutando Ciclo 11:27:56 ---
2026-01-06 11:27:57,035 - ProfessionalBot - INFO - Precio: 92027.99 | RSI: 39.58
2026-01-06 11:32:57,036 - ProfessionalBot - INFO - --- Ejecutando Ciclo 11:32:57 ---
2026-01-06 11:32:57,872 - ProfessionalBot - INFO - Precio: 91936.88 | RSI: 37.49
2026-01-06 11:37:57,874 - ProfessionalBot - INFO - --- Ejecutando Ciclo 11:37:57 ---
2026-01-06 11:37:58,755 - ProfessionalBot - INFO - Precio: 91913.22 | RSI: 36.89
2026-01-06 11:42:58,756 - ProfessionalBot - INFO - --- Ejecutando Ciclo 11:42:58 ---
2026-01-06 11:42:59,632 - ProfessionalBot - INFO - Precio: 91900.06 | RSI: 37.55
2026-01-06 11:47:59,633 - ProfessionalBot - INFO - --- Ejecutando Ciclo 11:47:59 ---
2026-01-06 11:48:00,521 - ProfessionalBot - INFO - Precio: 92067.94 | RSI: 43.33
2026-01-06 11:53:00,522 - ProfessionalBot - INFO - --- Ejecutando Ciclo 11:53:00 ---
2026-01-06 11:53:01,398 - ProfessionalBot - INFO - Precio: 92125.6 | RSI: 45.17
2026-01-06 11:56:36,886 - ProfessionalBot - INFO - --- Ejecutando Ciclo 11:56:36 ---
2026-01-06 11:56:40,244 - ProfessionalBot - INFO - Precio: 92099.63 | RSI: 44.48
2026-01-06 12:01:40,245 - ProfessionalBot - INFO - --- Ejecutando Ciclo 12:01:40 ---
2026-01-06 12:01:41,143 - ProfessionalBot - INFO - Precio: 91986.92 | RSI: 41.51
2026-01-06 12:06:41,144 - ProfessionalBot - INFO - --- Ejecutando Ciclo 12:06:41 ---
2026-01-06 12:06:42,016 - ProfessionalBot - INFO - Precio: 92116.35 | RSI: 45.85
2026-01-06 12:11:42,017 - ProfessionalBot - INFO - --- Ejecutando Ciclo 12:11:42 ---
2026-01-06 12:11:42,854 - ProfessionalBot - INFO - Precio: 92092.26 | RSI: 45.11
2026-01-06 12:16:42,854 - ProfessionalBot - INFO - --- Ejecutando Ciclo 12:16:42 ---
2026-01-06 12:16:43,755 - ProfessionalBot - INFO - Precio: 92152.35 | RSI: 47.26
2026-01-06 12:21:43,756 - ProfessionalBot - INFO - --- Ejecutando Ciclo 12:21:43 ---
2026-01-06 12:21:53,768 - ProfessionalBot - ERROR - Error: binance GET https://testnet.binance.vision/api/v3/klines?interval=5m&limit=100&symbol=BTCUSDT
2026-01-06 12:26:53,768 - ProfessionalBot - INFO - --- Ejecutando Ciclo 12:26:53 ---
2026-01-06 12:26:54,637 - ProfessionalBot - INFO - Precio: 92218.46 | RSI: 49.58
2026-01-06 12:31:54,638 - ProfessionalBot - INFO - --- Ejecutando Ciclo 12:31:54 ---
2026-01-06 12:31:55,534 - ProfessionalBot - INFO - Precio: 92269.33 | RSI: 51.46
2026-01-06 12:36:55,534 - ProfessionalBot - INFO - --- Ejecutando Ciclo 12:36:55 ---
2026-01-06 12:36:56,456 - ProfessionalBot - INFO - Precio: 92149.73 | RSI: 46.89
